-- The C compiler identification is GNU 13.1.0
-- The CXX compiler identification is GNU 13.1.0
-- Detecting C compiler ABI info
-- Detecting C compiler ABI info - done
-- Check for working C compiler: /usr/bin/cc - skipped
-- Detecting C compile features
-- Detecting C compile features - done
-- Detecting CXX compiler ABI info
-- Detecting CXX compiler ABI info - done
-- Check for working CXX compiler: /usr/bin/c++ - skipped
-- Detecting CXX compile features
-- Detecting CXX compile features - done
Katalog do zbudowanego projektu: /tmp/tmpj1xrrx4_/student/build
 + Znaleziono nagłówki: /tmp/tmpj1xrrx4_/student/linux.h;/tmp/tmpj1xrrx4_/student/macos.h;/tmp/tmpj1xrrx4_/student/user.h;/tmp/tmpj1xrrx4_/student/windows.h
 + Znaleziono źródła: /tmp/tmpj1xrrx4_/student/linux.cpp;/tmp/tmpj1xrrx4_/student/macos.cpp;/tmp/tmpj1xrrx4_/student/main.cpp;/tmp/tmpj1xrrx4_/student/user.cpp;/tmp/tmpj1xrrx4_/student/windows.cpp
 + Znaleziono źródła bez main.cpp: /tmp/tmpj1xrrx4_/student/linux.cpp;/tmp/tmpj1xrrx4_/student/macos.cpp;/tmp/tmpj1xrrx4_/student/user.cpp;/tmp/tmpj1xrrx4_/student/windows.cpp
	* valgrind found: /usr/bin/valgrind
-- Found Python: /tmp/tmp9tkxbclq/teacher/test-venv/bin/python3 (found version "3.11.0") found components: Interpreter 
-- Looking for pthread.h
-- Looking for pthread.h - found
-- Performing Test CMAKE_HAVE_LIBC_PTHREAD
-- Performing Test CMAKE_HAVE_LIBC_PTHREAD - Success
-- Found Threads: TRUE  
 + Znaleziono pliki testów: /tmp/tmpj1xrrx4_/student/unit_tests/linuxTests.cpp;/tmp/tmpj1xrrx4_/student/unit_tests/windowsTests.cpp
 + katalog nagłówków: 
-- Configuring done
-- Generating done
-- Build files have been written to: /tmp/tmpj1xrrx4_/student/build
