/tmp/tmpj1xrrx4_/student/linux.h:66:5: warning: Class 'Linux' has a constructor with 1 argument that is not explicit. [noExplicitConstructor]
    Linux(std::string distr);
    ^
/tmp/tmpj1xrrx4_/student/linux.cpp:19:21: warning: Function parameter 'distr' should be passed by const reference. [passedByValue]
Linux::Linux(string distr) : distribution_(distr) {
                    ^
/tmp/tmpj1xrrx4_/student/windows.h:61:5: warning: Class 'Windows' has a constructor with 1 argument that is not explicit. [noExplicitConstructor]
    Windows(std::string version);
    ^
/tmp/tmpj1xrrx4_/student/windows.cpp:19:25: warning: Function parameter 'ver' should be passed by const reference. [passedByValue]
Windows::Windows(string ver) : version_(ver) {
                        ^
/tmp/tmpj1xrrx4_/student/linux.cpp:31:0: warning: The function 'distribution' is never used. [unusedFunction]
string Linux::distribution() const {
^
/tmp/tmpj1xrrx4_/student/linux.cpp:36:0: warning: The function 'open_source_sympathizers' is never used. [unusedFunction]
size_t Linux::open_source_sympathizers() {
^
/tmp/tmpj1xrrx4_/student/linux.cpp:41:0: warning: The function 'add_user' is never used. [unusedFunction]
size_t Linux::add_user(string user_name, string password){
^
/tmp/tmpj1xrrx4_/student/linux.cpp:47:0: warning: The function 'users_getter' is never used. [unusedFunction]
vector<User> Linux::users_getter() {
^
/tmp/tmpj1xrrx4_/student/linux.cpp:52:0: warning: The function 'user' is never used. [unusedFunction]
User Linux::user(int user_id) const{
^
/tmp/tmpj1xrrx4_/student/linux.cpp:57:0: warning: The function 'user_home_directory' is never used. [unusedFunction]
string Linux::user_home_directory(int user_id) const{
^
/tmp/tmpj1xrrx4_/student/linux.cpp:63:0: warning: The function 'graphic_environment' is never used. [unusedFunction]
optional<std::string> Linux::graphic_environment() const {
^
/tmp/tmpj1xrrx4_/student/windows.cpp:31:0: warning: The function 'version' is never used. [unusedFunction]
string Windows::version() const {
^
/tmp/tmpj1xrrx4_/student/windows.cpp:36:0: warning: The function 'activated_systems' is never used. [unusedFunction]
size_t Windows::activated_systems() {
^
